<?xml version="1.0" encoding="UTF-8"?>
<testng-results ignored="0" total="1" passed="1" failed="0" skipped="0">
  <reporter-output>
  </reporter-output>
  <suite started-at="2025-12-12T16:04:55 IST" name="Default suite" finished-at="2025-12-12T16:04:55 IST" duration-ms="72">
    <groups>
    </groups>
    <test started-at="2025-12-12T16:04:55 IST" name="Default test" finished-at="2025-12-12T16:04:55 IST" duration-ms="72">
      <class name="com.crm.selenium.PomStructureLogIn.AdminPom">
        <test-method signature="name()[pri:0, instance:com.crm.selenium.PomStructureLogIn.AdminPom@77888435]" started-at="2025-12-12T16:04:55 IST" name="name" finished-at="2025-12-12T16:04:55 IST" duration-ms="20" status="PASS">
          <reporter-output>
          </reporter-output>
        </test-method> <!-- name -->
      </class> <!-- com.crm.selenium.PomStructureLogIn.AdminPom -->
    </test> <!-- Default test -->
  </suite> <!-- Default suite -->
</testng-results>
