<?xml version="1.0" encoding="UTF-8"?>
<!-- Generated by org.testng.reporters.JUnitReportReporter -->
<testsuite hostname="DEXTER" failures="0" tests="2" name="com.crm.selenium.orangeHrmfunctional.LoginModule" time="29.814" errors="0" timestamp="2025-12-17T17:28:35 IST" skipped="0">
  <testcase classname="com.crm.selenium.orangeHrmfunctional.LoginModule" name="tc_002" time="23.417">
    <system-out>
      <![CDATA[tc_002is onTestStart]]>
    </system-out>
  </testcase> <!-- tc_002 -->
  <testcase classname="com.crm.selenium.orangeHrmfunctional.LoginModule" name="tc_001" time="6.397">
    <system-out>
      <![CDATA[tc_001is onTestStart]]>
    </system-out>
  </testcase> <!-- tc_001 -->
  <system-out>
    <![CDATA[onStart
tc_001is onTestStart
tc_002is onTestStart]]>
  </system-out>
</testsuite> <!-- com.crm.selenium.orangeHrmfunctional.LoginModule -->
